  EndDoor.cpp
  Game.cpp
  Lemming.cpp
  Barra.cpp
  main.cpp
  MaskedTexturedQuad.cpp
  RedDoor.cpp
  Scene.cpp
  SceneControls.cpp
  SceneCredits.cpp
  SceneFail.cpp
  SceneLevel2.cpp
  SceneLevel3.cpp
  SceneTuto.cpp
c:\users\adrian\documents\github\lemmingsvj\lemmings\02-lemming\scenetuto.cpp(180): warning C4390: ';': se encontró una instrucción controlada vacía; ¿es esa la intención?
  SceneMenu.cpp
  SceneWin.cpp
  Shader.cpp
  ShaderProgram.cpp
  Sprite.cpp
  Texture.cpp
  Generando código...
  Compilando...
  VariableTexture.cpp
  Generando código...
SOIL.lib(image_DXT.obj) : warning LNK4099: no se encontró PDB 'vc100.pdb' con 'SOIL.lib(image_DXT.obj)' o en 'C:\Users\Adrian\Documents\GitHub\LemmingsVJ\Lemmings\02-Lemming\Debug\vc100.pdb'; se vinculará el objeto sin tener en cuenta información de depuración
SOIL.lib(image_helper.obj) : warning LNK4099: no se encontró PDB 'vc100.pdb' con 'SOIL.lib(image_helper.obj)' o en 'C:\Users\Adrian\Documents\GitHub\LemmingsVJ\Lemmings\02-Lemming\Debug\vc100.pdb'; se vinculará el objeto sin tener en cuenta información de depuración
SOIL.lib(SOIL.obj) : warning LNK4099: no se encontró PDB 'vc100.pdb' con 'SOIL.lib(SOIL.obj)' o en 'C:\Users\Adrian\Documents\GitHub\LemmingsVJ\Lemmings\02-Lemming\Debug\vc100.pdb'; se vinculará el objeto sin tener en cuenta información de depuración
SOIL.lib(stb_image_aug.obj) : warning LNK4099: no se encontró PDB 'vc100.pdb' con 'SOIL.lib(stb_image_aug.obj)' o en 'C:\Users\Adrian\Documents\GitHub\LemmingsVJ\Lemmings\02-Lemming\Debug\vc100.pdb'; se vinculará el objeto sin tener en cuenta información de depuración
  02-Lemming.vcxproj -> C:\Users\Adrian\Documents\GitHub\LemmingsVJ\Lemmings\02-Lemming\Debug\02-Lemming.exe
