c:\users\adrian\documents\github\lemmingsvj\lemmings\02-lemming\debug\vc141.pdb
c:\users\adrian\documents\github\lemmingsvj\lemmings\02-lemming\debug\vc141.idb
c:\users\adrian\documents\github\lemmingsvj\lemmings\02-lemming\debug\variabletexture.obj
c:\users\adrian\documents\github\lemmingsvj\lemmings\02-lemming\debug\texture.obj
c:\users\adrian\documents\github\lemmingsvj\lemmings\02-lemming\debug\sprite.obj
c:\users\adrian\documents\github\lemmingsvj\lemmings\02-lemming\debug\shaderprogram.obj
c:\users\adrian\documents\github\lemmingsvj\lemmings\02-lemming\debug\shader.obj
c:\users\adrian\documents\github\lemmingsvj\lemmings\02-lemming\debug\scene.obj
c:\users\adrian\documents\github\lemmingsvj\lemmings\02-lemming\debug\reddoor.obj
c:\users\adrian\documents\github\lemmingsvj\lemmings\02-lemming\debug\maskedtexturedquad.obj
c:\users\adrian\documents\github\lemmingsvj\lemmings\02-lemming\debug\main.obj
c:\users\adrian\documents\github\lemmingsvj\lemmings\02-lemming\debug\lemming.obj
c:\users\adrian\documents\github\lemmingsvj\lemmings\02-lemming\debug\game.obj
c:\users\adrian\documents\github\lemmingsvj\lemmings\02-lemming\debug\enddoor.obj
c:\users\adrian\documents\github\lemmingsvj\lemmings\02-lemming\debug\scenetuto.obj
c:\users\adrian\documents\github\lemmingsvj\lemmings\02-lemming\debug\02-lemming.ilk
c:\users\adrian\documents\github\lemmingsvj\lemmings\02-lemming\debug\02-lemming.exe
c:\users\adrian\documents\github\lemmingsvj\lemmings\02-lemming\debug\02-lemming.pdb
c:\users\adrian\documents\github\lemmingsvj\lemmings\02-lemming\debug\vc120.idb
c:\users\adrian\documents\github\lemmingsvj\lemmings\02-lemming\debug\vc120.pdb
c:\users\adrian\documents\github\lemmingsvj\lemmings\02-lemming\debug\02-lemming.tlog\cl.command.1.tlog
c:\users\adrian\documents\github\lemmingsvj\lemmings\02-lemming\debug\02-lemming.tlog\cl.read.1.tlog
c:\users\adrian\documents\github\lemmingsvj\lemmings\02-lemming\debug\02-lemming.tlog\cl.write.1.tlog
c:\users\adrian\documents\github\lemmingsvj\lemmings\02-lemming\debug\02-lemming.tlog\link-cvtres.read.1.tlog
c:\users\adrian\documents\github\lemmingsvj\lemmings\02-lemming\debug\02-lemming.tlog\link-cvtres.write.1.tlog
c:\users\adrian\documents\github\lemmingsvj\lemmings\02-lemming\debug\02-lemming.tlog\link-rc.read.1.tlog
c:\users\adrian\documents\github\lemmingsvj\lemmings\02-lemming\debug\02-lemming.tlog\link-rc.write.1.tlog
c:\users\adrian\documents\github\lemmingsvj\lemmings\02-lemming\debug\02-lemming.tlog\link.5596-cvtres.read.1.tlog
c:\users\adrian\documents\github\lemmingsvj\lemmings\02-lemming\debug\02-lemming.tlog\link.5596-cvtres.write.1.tlog
c:\users\adrian\documents\github\lemmingsvj\lemmings\02-lemming\debug\02-lemming.tlog\link.5596-rc.read.1.tlog
c:\users\adrian\documents\github\lemmingsvj\lemmings\02-lemming\debug\02-lemming.tlog\link.5596-rc.write.1.tlog
c:\users\adrian\documents\github\lemmingsvj\lemmings\02-lemming\debug\02-lemming.tlog\link.5596.read.1.tlog
c:\users\adrian\documents\github\lemmingsvj\lemmings\02-lemming\debug\02-lemming.tlog\link.5596.write.1.tlog
c:\users\adrian\documents\github\lemmingsvj\lemmings\02-lemming\debug\02-lemming.tlog\link.command.1.tlog
c:\users\adrian\documents\github\lemmingsvj\lemmings\02-lemming\debug\02-lemming.tlog\link.delete.1.tlog
c:\users\adrian\documents\github\lemmingsvj\lemmings\02-lemming\debug\02-lemming.tlog\link.read.1.tlog
c:\users\adrian\documents\github\lemmingsvj\lemmings\02-lemming\debug\02-lemming.tlog\link.write.1.tlog
