Build started 20/03/2018 10:42:43.
     1>Project "\\pax\perfils\pau.julio.CR\Desktop\ExLemmings\ExLemmings\Lemmings\02-Lemming\02-Lemming.vcxproj" on node 2 (Build target(s)).
     1>ClCompile:
         C:\Archivos de programa\Microsoft Visual Studio 2013 Professional\VC\bin\CL.exe /c /I..\..\libs\freeglut\include /I"..\..\libs\glew-1.13.0\include" /I..\..\libs\glm /I"..\..\libs\Simple OpenGL Image Library\src" /ZI /nologo /W3 /WX- /Od /Oy- /D WIN32 /D _DEBUG /D _CONSOLE /D _UNICODE /D UNICODE /Gm /EHsc /RTC1 /MDd /GS /fp:precise /Zc:wchar_t /Zc:forScope /Fo"Debug\\" /Fd"Debug\vc120.pdb" /Gd /TP /analyze- /errorReport:prompt Scene.cpp
         Scene.cpp
       Link:
         C:\Archivos de programa\Microsoft Visual Studio 2013 Professional\VC\bin\link.exe /ERRORREPORT:PROMPT /OUT:"\\pax\perfils\pau.julio.CR\Desktop\ExLemmings\ExLemmings\Lemmings\02-Lemming\Debug\02-Lemming.exe" /INCREMENTAL /NOLOGO /LIBPATH:..\..\libs\freeglut\lib /LIBPATH:"..\..\libs\glew-1.13.0\lib\Release\Win32" /LIBPATH:"..\..\libs\Simple OpenGL Image Library\projects\VC9\Debug" freeglut.lib glew32.lib SOIL.lib kernel32.lib user32.lib gdi32.lib winspool.lib comdlg32.lib advapi32.lib shell32.lib ole32.lib oleaut32.lib uuid.lib odbc32.lib odbccp32.lib /MANIFEST /MANIFESTUAC:"level='asInvoker' uiAccess='false'" /manifest:embed /DEBUG /PDB:"\\pax\perfils\pau.julio.CR\Desktop\ExLemmings\ExLemmings\Lemmings\02-Lemming\Debug\02-Lemming.pdb" /SUBSYSTEM:CONSOLE /TLBID:1 /DYNAMICBASE /NXCOMPAT /IMPLIB:"\\pax\perfils\pau.julio.CR\Desktop\ExLemmings\ExLemmings\Lemmings\02-Lemming\Debug\02-Lemming.lib" /MACHINE:X86 Debug\Game.obj
         Debug\Lemming.obj
         Debug\main.obj
         Debug\MaskedTexturedQuad.obj
         Debug\Scene.obj
         Debug\Shader.obj
         Debug\ShaderProgram.obj
         Debug\Sprite.obj
         Debug\Texture.obj
         Debug\VariableTexture.obj
         02-Lemming.vcxproj -> \\pax\perfils\pau.julio.CR\Desktop\ExLemmings\ExLemmings\Lemmings\02-Lemming\Debug\02-Lemming.exe
     1>Done Building Project "\\pax\perfils\pau.julio.CR\Desktop\ExLemmings\ExLemmings\Lemmings\02-Lemming\02-Lemming.vcxproj" (Build target(s)).

Build succeeded.

Time Elapsed 00:00:02.45
